2020-07-27 12:10:00,526 INFO org.springframework.boot.StartupInfoLogger [restartedMain] Starting ShoppingBackendApplication on INHYI0728 with PID 45164 (C:\Users\na9994\Workspace\sts\my-projects\shopping_backend\target\classes started by na9994 in C:\Users\na9994\Workspace\sts\my-projects\shopping_backend)
2020-07-27 12:10:00,527 DEBUG org.springframework.boot.StartupInfoLogger [restartedMain] Running with Spring Boot v2.3.2.RELEASE, Spring v5.2.8.RELEASE
2020-07-27 12:10:00,528 INFO org.springframework.boot.SpringApplication [restartedMain] No active profile set, falling back to default profiles: default
2020-07-27 12:10:01,417 WARN org.springframework.boot.autoconfigure.orm.jpa.JpaBaseConfiguration$JpaWebConfiguration [restartedMain] spring.jpa.open-in-view is enabled by default. Therefore, database queries may be performed during view rendering. Explicitly configure spring.jpa.open-in-view to disable this warning
2020-07-27 12:10:01,478 INFO org.hibernate.jpa.internal.util.LogHelper [task-1] HHH000204: Processing PersistenceUnitInfo [name: default]
2020-07-27 12:10:01,553 DEBUG org.springframework.web.filter.GenericFilterBean [restartedMain] Filter 'jwtAuthenticationFilter' configured for use
2020-07-27 12:10:01,681 INFO org.hibernate.dialect.Dialect [task-1] HHH000400: Using dialect: org.hibernate.dialect.PostgreSQLDialect
2020-07-27 12:10:01,860 INFO org.hibernate.engine.transaction.jta.platform.internal.JtaPlatformInitiator [task-1] HHH000490: Using JtaPlatform implementation: [org.hibernate.engine.transaction.jta.platform.internal.NoJtaPlatform]
2020-07-27 12:10:02,046 INFO org.springframework.boot.StartupInfoLogger [restartedMain] Started ShoppingBackendApplication in 1.727 seconds (JVM running for 416.368)
2020-07-27 12:10:21,125 INFO org.springframework.boot.StartupInfoLogger [restartedMain] Starting ShoppingBackendApplication on INHYI0728 with PID 45164 (C:\Users\na9994\Workspace\sts\my-projects\shopping_backend\target\classes started by na9994 in C:\Users\na9994\Workspace\sts\my-projects\shopping_backend)
2020-07-27 12:10:21,126 DEBUG org.springframework.boot.StartupInfoLogger [restartedMain] Running with Spring Boot v2.3.2.RELEASE, Spring v5.2.8.RELEASE
2020-07-27 12:10:21,126 INFO org.springframework.boot.SpringApplication [restartedMain] No active profile set, falling back to default profiles: default
2020-07-27 12:10:21,899 WARN org.springframework.boot.autoconfigure.orm.jpa.JpaBaseConfiguration$JpaWebConfiguration [restartedMain] spring.jpa.open-in-view is enabled by default. Therefore, database queries may be performed during view rendering. Explicitly configure spring.jpa.open-in-view to disable this warning
2020-07-27 12:10:21,965 INFO org.hibernate.jpa.internal.util.LogHelper [task-1] HHH000204: Processing PersistenceUnitInfo [name: default]
2020-07-27 12:10:22,047 DEBUG org.springframework.web.filter.GenericFilterBean [restartedMain] Filter 'jwtAuthenticationFilter' configured for use
2020-07-27 12:10:22,197 INFO org.hibernate.dialect.Dialect [task-1] HHH000400: Using dialect: org.hibernate.dialect.PostgreSQLDialect
2020-07-27 12:10:22,344 INFO org.hibernate.engine.transaction.jta.platform.internal.JtaPlatformInitiator [task-1] HHH000490: Using JtaPlatform implementation: [org.hibernate.engine.transaction.jta.platform.internal.NoJtaPlatform]
2020-07-27 12:10:22,497 INFO org.springframework.boot.StartupInfoLogger [restartedMain] Started ShoppingBackendApplication in 1.441 seconds (JVM running for 436.821)
2020-07-27 12:10:39,530 INFO org.springframework.boot.StartupInfoLogger [restartedMain] Starting ShoppingBackendApplication on INHYI0728 with PID 45164 (C:\Users\na9994\Workspace\sts\my-projects\shopping_backend\target\classes started by na9994 in C:\Users\na9994\Workspace\sts\my-projects\shopping_backend)2020-07-27 12:10:39,531 DEBUG org.springframework.boot.StartupInfoLogger [restartedMain] Running with Spring Boot v2.3.2.RELEASE, Spring v5.2.8.RELEASE2020-07-27 12:10:39,531 INFO org.springframework.boot.SpringApplication [restartedMain] No active profile set, falling back to default profiles: default2020-07-27 12:10:40,286 WARN org.springframework.boot.autoconfigure.orm.jpa.JpaBaseConfiguration$JpaWebConfiguration [restartedMain] spring.jpa.open-in-view is enabled by default. Therefore, database queries may be performed during view rendering. Explicitly configure spring.jpa.open-in-view to disable this warning2020-07-27 12:10:40,371 INFO org.hibernate.jpa.internal.util.LogHelper [task-1] HHH000204: Processing PersistenceUnitInfo [name: default]2020-07-27 12:10:40,435 DEBUG org.springframework.web.filter.GenericFilterBean [restartedMain] Filter 'jwtAuthenticationFilter' configured for use2020-07-27 12:10:40,598 INFO org.hibernate.dialect.Dialect [task-1] HHH000400: Using dialect: org.hibernate.dialect.PostgreSQLDialect2020-07-27 12:10:40,730 INFO org.hibernate.engine.transaction.jta.platform.internal.JtaPlatformInitiator [task-1] HHH000490: Using JtaPlatform implementation: [org.hibernate.engine.transaction.jta.platform.internal.NoJtaPlatform]2020-07-27 12:10:40,860 INFO org.springframework.boot.StartupInfoLogger [restartedMain] Started ShoppingBackendApplication in 1.389 seconds (JVM running for 455.185)2020-07-27 12:13:33,850 INFO org.springframework.boot.StartupInfoLogger [restartedMain] Starting ShoppingBackendApplication on INHYI0728 with PID 45164 (C:\Users\na9994\Workspace\sts\my-projects\shopping_backend\target\classes started by na9994 in C:\Users\na9994\Workspace\sts\my-projects\shopping_backend)2020-07-27 12:13:33,853 DEBUG org.springframework.boot.StartupInfoLogger [restartedMain] Running with Spring Boot v2.3.2.RELEASE, Spring v5.2.8.RELEASE2020-07-27 12:13:33,855 INFO org.springframework.boot.SpringApplication [restartedMain] No active profile set, falling back to default profiles: default2020-07-27 12:13:34,728 WARN org.springframework.boot.autoconfigure.orm.jpa.JpaBaseConfiguration$JpaWebConfiguration [restartedMain] spring.jpa.open-in-view is enabled by default. Therefore, database queries may be performed during view rendering. Explicitly configure spring.jpa.open-in-view to disable this warning2020-07-27 12:13:34,788 INFO org.hibernate.jpa.internal.util.LogHelper [task-1] HHH000204: Processing PersistenceUnitInfo [name: default]2020-07-27 12:13:34,869 DEBUG org.springframework.web.filter.GenericFilterBean [restartedMain] Filter 'jwtAuthenticationFilter' configured for use2020-07-27 12:13:35,026 INFO org.hibernate.dialect.Dialect [task-1] HHH000400: Using dialect: org.hibernate.dialect.PostgreSQLDialect2020-07-27 12:13:35,222 INFO org.hibernate.engine.transaction.jta.platform.internal.JtaPlatformInitiator [task-1] HHH000490: Using JtaPlatform implementation: [org.hibernate.engine.transaction.jta.platform.internal.NoJtaPlatform]2020-07-27 12:13:35,428 INFO org.springframework.boot.StartupInfoLogger [restartedMain] Started ShoppingBackendApplication in 1.732 seconds (JVM running for 629.768)2020-07-27 12:14:30,450 INFO org.springframework.boot.StartupInfoLogger [restartedMain] Starting ShoppingBackendApplication on INHYI0728 with PID 45164 (C:\Users\na9994\Workspace\sts\my-projects\shopping_backend\target\classes started by na9994 in C:\Users\na9994\Workspace\sts\my-projects\shopping_backend)
2020-07-27 12:14:30,451 DEBUG org.springframework.boot.StartupInfoLogger [restartedMain] Running with Spring Boot v2.3.2.RELEASE, Spring v5.2.8.RELEASE
2020-07-27 12:14:30,451 INFO org.springframework.boot.SpringApplication [restartedMain] No active profile set, falling back to default profiles: default
2020-07-27 12:14:31,260 WARN org.springframework.boot.autoconfigure.orm.jpa.JpaBaseConfiguration$JpaWebConfiguration [restartedMain] spring.jpa.open-in-view is enabled by default. Therefore, database queries may be performed during view rendering. Explicitly configure spring.jpa.open-in-view to disable this warning
2020-07-27 12:14:31,316 INFO org.hibernate.jpa.internal.util.LogHelper [task-1] HHH000204: Processing PersistenceUnitInfo [name: default]
2020-07-27 12:14:31,385 DEBUG org.springframework.web.filter.GenericFilterBean [restartedMain] Filter 'jwtAuthenticationFilter' configured for use
2020-07-27 12:14:31,525 INFO org.hibernate.dialect.Dialect [task-1] HHH000400: Using dialect: org.hibernate.dialect.PostgreSQLDialect
2020-07-27 12:14:31,686 INFO org.hibernate.engine.transaction.jta.platform.internal.JtaPlatformInitiator [task-1] HHH000490: Using JtaPlatform implementation: [org.hibernate.engine.transaction.jta.platform.internal.NoJtaPlatform]
2020-07-27 12:14:31,818 INFO org.springframework.boot.StartupInfoLogger [restartedMain] Started ShoppingBackendApplication in 1.464 seconds (JVM running for 686.159)
2020-07-27 12:15:31,569 INFO org.springframework.boot.StartupInfoLogger [restartedMain] Starting ShoppingBackendApplication on INHYI0728 with PID 45164 (C:\Users\na9994\Workspace\sts\my-projects\shopping_backend\target\classes started by na9994 in C:\Users\na9994\Workspace\sts\my-projects\shopping_backend)
2020-07-27 12:15:31,570 DEBUG org.springframework.boot.StartupInfoLogger [restartedMain] Running with Spring Boot v2.3.2.RELEASE, Spring v5.2.8.RELEASE
2020-07-27 12:15:31,571 INFO org.springframework.boot.SpringApplication [restartedMain] No active profile set, falling back to default profiles: default
2020-07-27 12:15:32,352 WARN org.springframework.boot.autoconfigure.orm.jpa.JpaBaseConfiguration$JpaWebConfiguration [restartedMain] spring.jpa.open-in-view is enabled by default. Therefore, database queries may be performed during view rendering. Explicitly configure spring.jpa.open-in-view to disable this warning
2020-07-27 12:15:32,412 INFO org.hibernate.jpa.internal.util.LogHelper [task-1] HHH000204: Processing PersistenceUnitInfo [name: default]
2020-07-27 12:15:32,481 DEBUG org.springframework.web.filter.GenericFilterBean [restartedMain] Filter 'jwtAuthenticationFilter' configured for use
2020-07-27 12:15:32,618 INFO org.hibernate.dialect.Dialect [task-1] HHH000400: Using dialect: org.hibernate.dialect.PostgreSQLDialect
2020-07-27 12:15:32,764 INFO org.hibernate.engine.transaction.jta.platform.internal.JtaPlatformInitiator [task-1] HHH000490: Using JtaPlatform implementation: [org.hibernate.engine.transaction.jta.platform.internal.NoJtaPlatform]
2020-07-27 12:15:32,902 INFO org.springframework.boot.StartupInfoLogger [restartedMain] Started ShoppingBackendApplication in 1.409 seconds (JVM running for 747.246)
